d:\doc\demo\demoslu\mfcapplication1\debug\vc141.pdb
d:\doc\demo\demoslu\mfcapplication1\debug\vc141.idb
d:\doc\demo\demoslu\mfcapplication1\debug\mainfrm.obj
d:\doc\demo\demoslu\mfcapplication1\debug\mfcapplication1.obj
d:\doc\demo\demoslu\mfcapplication1\debug\myformview.obj
d:\doc\demo\demoslu\mfcapplication1\debug\mfcapplication1view.obj
d:\doc\demo\demoslu\mfcapplication1\debug\mfcapplication1doc.obj
d:\doc\demo\demoslu\mfcapplication1\debug\dlgtest.obj
d:\doc\demo\demoslu\mfcapplication1\debug\dlgdraw.obj
d:\doc\demo\demoslu\mfcapplication1\debug\dlgcstring.obj
d:\doc\demo\demoslu\mfcapplication1\debug\mfcapplication1.pch
d:\doc\demo\demoslu\mfcapplication1\debug\pch.obj
d:\doc\demo\demoslu\mfcapplication1\debug\myformview2.obj
d:\doc\demo\demoslu\mfcapplication1\debug\mfcapplication1.res
d:\doc\demo\demoslu\debug\mfcapplication1.pdb
d:\doc\demo\demoslu\mfcapplication1\debug\mfcapplication1.tlog\cl.command.1.tlog
d:\doc\demo\demoslu\mfcapplication1\debug\mfcapplication1.tlog\cl.read.1.tlog
d:\doc\demo\demoslu\mfcapplication1\debug\mfcapplication1.tlog\cl.write.1.tlog
d:\doc\demo\demoslu\mfcapplication1\debug\mfcapplication1.tlog\link.14816-cvtres.read.1.tlog
d:\doc\demo\demoslu\mfcapplication1\debug\mfcapplication1.tlog\link.14816-cvtres.write.1.tlog
d:\doc\demo\demoslu\mfcapplication1\debug\mfcapplication1.tlog\link.14816-mt.read.1.tlog
d:\doc\demo\demoslu\mfcapplication1\debug\mfcapplication1.tlog\link.14816-mt.write.1.tlog
d:\doc\demo\demoslu\mfcapplication1\debug\mfcapplication1.tlog\link.14816-rc.read.1.tlog
d:\doc\demo\demoslu\mfcapplication1\debug\mfcapplication1.tlog\link.14816-rc.write.1.tlog
d:\doc\demo\demoslu\mfcapplication1\debug\mfcapplication1.tlog\link.14816.read.1.tlog
d:\doc\demo\demoslu\mfcapplication1\debug\mfcapplication1.tlog\link.14816.write.1.tlog
d:\doc\demo\demoslu\mfcapplication1\debug\mfcapplication1.tlog\link.command.1.tlog
d:\doc\demo\demoslu\mfcapplication1\debug\mfcapplication1.tlog\link.read.1.tlog
d:\doc\demo\demoslu\mfcapplication1\debug\mfcapplication1.tlog\link.write.1.tlog
d:\doc\demo\demoslu\mfcapplication1\debug\mfcapplication1.tlog\rc.command.1.tlog
d:\doc\demo\demoslu\mfcapplication1\debug\mfcapplication1.tlog\rc.read.1.tlog
d:\doc\demo\demoslu\mfcapplication1\debug\mfcapplication1.tlog\rc.write.1.tlog
